# JRE version: OpenJDK Runtime Environment (8.0_152-b01) (build 1.8.0_152-release-1248-b01)
# Java VM: OpenJDK 64-Bit Server VM (25.152-b01 mixed mode windows-amd64 compressed oops)
Heap:
 PSYoungGen      total 449024K, used 169881K [0x00000000e0000000, 0x00000000ffa80000, 0x0000000100000000)
  eden space 382464K, 38% used [0x00000000e0000000,0x00000000e90a1830,0x00000000f7580000)
  from space 66560K, 32% used [0x00000000f7580000,0x00000000f8ac4d30,0x00000000fb680000)
  to   space 63488K, 0% used [0x00000000fbc80000,0x00000000fbc80000,0x00000000ffa80000)
 ParOldGen       total 324608K, used 81975K [0x00000000a0000000, 0x00000000b3d00000, 0x00000000e0000000)
  object space 324608K, 25% used [0x00000000a0000000,0x00000000a500dd00,0x00000000b3d00000)
 Metaspace       used 143727K, capacity 148738K, committed 151256K, reserved 1181696K
  class space    used 17538K, capacity 18525K, committed 18944K, reserved 1048576K
GC Heap History (10 events):
Event: 11023.579 GC heap before
{Heap before GC invocations=68 (full 6):
 PSYoungGen      total 438784K, used 173504K [0x00000000e0000000, 0x00000000fff00000, 0x0000000100000000)
  eden space 359936K, 48% used [0x00000000e0000000,0x00000000ea958310,0x00000000f5f80000)
  from space 78848K, 0% used [0x00000000f5f80000,0x00000000f5f98000,0x00000000fac80000)
  to   space 76288K, 0% used [0x00000000fb480000,0x00000000fb480000,0x00000000fff00000)
 ParOldGen       total 324608K, used 278856K [0x00000000a0000000, 0x00000000b3d00000, 0x00000000e0000000)
  object space 324608K, 85% used [0x00000000a0000000,0x00000000b10521a0,0x00000000b3d00000)
 Metaspace       used 133161K, capacity 139096K, committed 139224K, reserved 1171456K
  class space    used 16396K, capacity 17560K, committed 17664K, reserved 1048576K
Event: 11023.588 GC heap after
Heap after GC invocations=68 (full 6):
 PSYoungGen      total 440832K, used 1860K [0x00000000e0000000, 0x00000000ff900000, 0x0000000100000000)
  eden space 370688K, 0% used [0x00000000e0000000,0x00000000e0000000,0x00000000f6a00000)
  from space 70144K, 2% used [0x00000000fb480000,0x00000000fb651120,0x00000000ff900000)
  to   space 73216K, 0% used [0x00000000f6a00000,0x00000000f6a00000,0x00000000fb180000)
 ParOldGen       total 324608K, used 278888K [0x00000000a0000000, 0x00000000b3d00000, 0x00000000e0000000)
  object space 324608K, 85% used [0x00000000a0000000,0x00000000b105a1a0,0x00000000b3d00000)
 Metaspace       used 133161K, capacity 139096K, committed 139224K, reserved 1171456K
  class space    used 16396K, capacity 17560K, committed 17664K, reserved 1048576K
}
Event: 11023.588 GC heap before
{Heap before GC invocations=69 (full 7):
 PSYoungGen      total 440832K, used 1860K [0x00000000e0000000, 0x00000000ff900000, 0x0000000100000000)
  eden space 370688K, 0% used [0x00000000e0000000,0x00000000e0000000,0x00000000f6a00000)
  from space 70144K, 2% used [0x00000000fb480000,0x00000000fb651120,0x00000000ff900000)
  to   space 73216K, 0% used [0x00000000f6a00000,0x00000000f6a00000,0x00000000fb180000)
 ParOldGen       total 324608K, used 278888K [0x00000000a0000000, 0x00000000b3d00000, 0x00000000e0000000)
  object space 324608K, 85% used [0x00000000a0000000,0x00000000b105a1a0,0x00000000b3d00000)
 Metaspace       used 133161K, capacity 139096K, committed 139224K, reserved 1171456K
  class space    used 16396K, capacity 17560K, committed 17664K, reserved 1048576K
Event: 11024.413 GC heap after
Heap after GC invocations=69 (full 7):
 PSYoungGen      total 440832K, used 0K [0x00000000e0000000, 0x00000000ff900000, 0x0000000100000000)
  eden space 370688K, 0% used [0x00000000e0000000,0x00000000e0000000,0x00000000f6a00000)
  from space 70144K, 0% used [0x00000000fb480000,0x00000000fb480000,0x00000000ff900000)
  to   space 73216K, 0% used [0x00000000f6a00000,0x00000000f6a00000,0x00000000fb180000)
 ParOldGen       total 324608K, used 64555K [0x00000000a0000000, 0x00000000b3d00000, 0x00000000e0000000)
  object space 324608K, 19% used [0x00000000a0000000,0x00000000a3f0ae00,0x00000000b3d00000)
 Metaspace       used 131022K, capacity 135392K, committed 139224K, reserved 1171456K
  class space    used 16009K, capacity 16882K, committed 17664K, reserved 1048576K
}
Event: 11465.991 GC heap before
{Heap before GC invocations=70 (full 7):
 PSYoungGen      total 440832K, used 370688K [0x00000000e0000000, 0x00000000ff900000, 0x0000000100000000)
  eden space 370688K, 100% used [0x00000000e0000000,0x00000000f6a00000,0x00000000f6a00000)
  from space 70144K, 0% used [0x00000000fb480000,0x00000000fb480000,0x00000000ff900000)
  to   space 73216K, 0% used [0x00000000f6a00000,0x00000000f6a00000,0x00000000fb180000)
 ParOldGen       total 324608K, used 64555K [0x00000000a0000000, 0x00000000b3d00000, 0x00000000e0000000)
  object space 324608K, 19% used [0x00000000a0000000,0x00000000a3f0ae00,0x00000000b3d00000)
 Metaspace       used 131620K, capacity 136278K, committed 139480K, reserved 1171456K
  class space    used 16076K, capacity 17001K, committed 17664K, reserved 1048576K
Event: 11466.075 GC heap after
Heap after GC invocations=70 (full 7):
 PSYoungGen      total 443904K, used 18927K [0x00000000e0000000, 0x00000000ffa00000, 0x0000000100000000)
  eden space 370688K, 0% used [0x00000000e0000000,0x00000000e0000000,0x00000000f6a00000)
  from space 73216K, 25% used [0x00000000f6a00000,0x00000000f7c7bcf8,0x00000000fb180000)
  to   space 68608K, 0% used [0x00000000fb700000,0x00000000fb700000,0x00000000ffa00000)
 ParOldGen       total 324608K, used 64563K [0x00000000a0000000, 0x00000000b3d00000, 0x00000000e0000000)
  object space 324608K, 19% used [0x00000000a0000000,0x00000000a3f0ce00,0x00000000b3d00000)
 Metaspace       used 131620K, capacity 136278K, committed 139480K, reserved 1171456K
  class space    used 16076K, capacity 17001K, committed 17664K, reserved 1048576K
}
Event: 11542.761 GC heap before
{Heap before GC invocations=71 (full 7):
 PSYoungGen      total 443904K, used 389615K [0x00000000e0000000, 0x00000000ffa00000, 0x0000000100000000)
  eden space 370688K, 100% used [0x00000000e0000000,0x00000000f6a00000,0x00000000f6a00000)
  from space 73216K, 25% used [0x00000000f6a00000,0x00000000f7c7bcf8,0x00000000fb180000)
  to   space 68608K, 0% used [0x00000000fb700000,0x00000000fb700000,0x00000000ffa00000)
 ParOldGen       total 324608K, used 64563K [0x00000000a0000000, 0x00000000b3d00000, 0x00000000e0000000)
  object space 324608K, 19% used [0x00000000a0000000,0x00000000a3f0ce00,0x00000000b3d00000)
 Metaspace       used 132043K, capacity 136842K, committed 139736K, reserved 1171456K
  class space    used 16104K, capacity 17051K, committed 17664K, reserved 1048576K
Event: 11542.841 GC heap after
Heap after GC invocations=71 (full 7):
 PSYoungGen      total 448512K, used 25408K [0x00000000e0000000, 0x00000000ff780000, 0x0000000100000000)
  eden space 382464K, 0% used [0x00000000e0000000,0x00000000e0000000,0x00000000f7580000)
  from space 66048K, 38% used [0x00000000fb700000,0x00000000fcfd0348,0x00000000ff780000)
  to   space 66560K, 0% used [0x00000000f7580000,0x00000000f7580000,0x00000000fb680000)
 ParOldGen       total 324608K, used 73154K [0x00000000a0000000, 0x00000000b3d00000, 0x00000000e0000000)
  object space 324608K, 22% used [0x00000000a0000000,0x00000000a47709e0,0x00000000b3d00000)
 Metaspace       used 132043K, capacity 136842K, committed 139736K, reserved 1171456K
  class space    used 16104K, capacity 17051K, committed 17664K, reserved 1048576K
}
Event: 11558.880 GC heap before
{Heap before GC invocations=72 (full 7):
 PSYoungGen      total 448512K, used 407872K [0x00000000e0000000, 0x00000000ff780000, 0x0000000100000000)
  eden space 382464K, 100% used [0x00000000e0000000,0x00000000f7580000,0x00000000f7580000)
  from space 66048K, 38% used [0x00000000fb700000,0x00000000fcfd0348,0x00000000ff780000)
  to   space 66560K, 0% used [0x00000000f7580000,0x00000000f7580000,0x00000000fb680000)
 ParOldGen       total 324608K, used 73154K [0x00000000a0000000, 0x00000000b3d00000, 0x00000000e0000000)
  object space 324608K, 22% used [0x00000000a0000000,0x00000000a47709e0,0x00000000b3d00000)
 Metaspace       used 143651K, capacity 148666K, committed 151256K, reserved 1181696K
  class space    used 17533K, capacity 18523K, committed 18944K, reserved 1048576K
Event: 11558.946 GC heap after
Heap after GC invocations=72 (full 7):
 PSYoungGen      total 449024K, used 21779K [0x00000000e0000000, 0x00000000ffa80000, 0x0000000100000000)
  eden space 382464K, 0% used [0x00000000e0000000,0x00000000e0000000,0x00000000f7580000)
  from space 66560K, 32% used [0x00000000f7580000,0x00000000f8ac4d30,0x00000000fb680000)
  to   space 63488K, 0% used [0x00000000fbc80000,0x00000000fbc80000,0x00000000ffa80000)
 ParOldGen       total 324608K, used 81975K [0x00000000a0000000, 0x00000000b3d00000, 0x00000000e0000000)
  object space 324608K, 25% used [0x00000000a0000000,0x00000000a500dd00,0x00000000b3d00000)
 Metaspace       used 143651K, capacity 148666K, committed 151256K, reserved 1181696K
  class space    used 17533K, capacity 18523K, committed 18944K, reserved 1048576K
}

